ERROR - 2017-10-28 17:32:06 --> Severity: Warning --> include(C:\xampp\htdocs\xeminhphat\blog\views/widgets/giai_phap_ke_toan_cho_doanh_nghiep.php): failed to open stream: No such file or directory C:\xampp\htdocs\xeminhphat\blog\views\home.php 185
ERROR - 2017-10-28 17:32:06 --> Severity: Warning --> include(): Failed opening 'C:\xampp\htdocs\xeminhphat\blog\views/widgets/giai_phap_ke_toan_cho_doanh_nghiep.php' for inclusion (include_path='C:\xampp\php\PEAR') C:\xampp\htdocs\xeminhphat\blog\views\home.php 185
ERROR - 2017-10-28 17:32:06 --> Severity: Warning --> include(C:\xampp\htdocs\xeminhphat\blog\views/widgets/dang_ky_nhan_tu_van.php): failed to open stream: No such file or directory C:\xampp\htdocs\xeminhphat\blog\views\home.php 186
ERROR - 2017-10-28 17:32:06 --> Severity: Warning --> include(): Failed opening 'C:\xampp\htdocs\xeminhphat\blog\views/widgets/dang_ky_nhan_tu_van.php' for inclusion (include_path='C:\xampp\php\PEAR') C:\xampp\htdocs\xeminhphat\blog\views\home.php 186
ERROR - 2017-10-28 17:32:06 --> Severity: Notice --> Undefined index: blog_news C:\xampp\htdocs\xeminhphat\blog\views\home.php 191
ERROR - 2017-10-28 17:32:06 --> Severity: Warning --> Invalid argument supplied for foreach() C:\xampp\htdocs\xeminhphat\blog\views\home.php 191
ERROR - 2017-10-28 17:32:20 --> Severity: Warning --> include(C:\xampp\htdocs\xeminhphat\blog\views/widgets/giai_phap_ke_toan_cho_doanh_nghiep.php): failed to open stream: No such file or directory C:\xampp\htdocs\xeminhphat\blog\views\home.php 185
ERROR - 2017-10-28 17:32:20 --> Severity: Warning --> include(): Failed opening 'C:\xampp\htdocs\xeminhphat\blog\views/widgets/giai_phap_ke_toan_cho_doanh_nghiep.php' for inclusion (include_path='C:\xampp\php\PEAR') C:\xampp\htdocs\xeminhphat\blog\views\home.php 185
ERROR - 2017-10-28 17:32:20 --> Severity: Warning --> include(C:\xampp\htdocs\xeminhphat\blog\views/widgets/dang_ky_nhan_tu_van.php): failed to open stream: No such file or directory C:\xampp\htdocs\xeminhphat\blog\views\home.php 186
ERROR - 2017-10-28 17:32:20 --> Severity: Warning --> include(): Failed opening 'C:\xampp\htdocs\xeminhphat\blog\views/widgets/dang_ky_nhan_tu_van.php' for inclusion (include_path='C:\xampp\php\PEAR') C:\xampp\htdocs\xeminhphat\blog\views\home.php 186
ERROR - 2017-10-28 17:32:20 --> Severity: Notice --> Undefined index: blog_news C:\xampp\htdocs\xeminhphat\blog\views\home.php 191
ERROR - 2017-10-28 17:32:20 --> Severity: Warning --> Invalid argument supplied for foreach() C:\xampp\htdocs\xeminhphat\blog\views\home.php 191
ERROR - 2017-10-28 17:35:42 --> Severity: Notice --> Undefined index: custom_config C:\xampp\htdocs\xeminhphat\blog\config\config.php 3
ERROR - 2017-10-28 17:35:42 --> Severity: Notice --> date_default_timezone_set(): Timezone ID '' is invalid C:\xampp\htdocs\xeminhphat\blog\config\config.php 3
ERROR - 2017-10-28 17:35:42 --> Severity: Notice --> Undefined index: custom_config C:\xampp\htdocs\xeminhphat\blog\config\config.php 26
ERROR - 2017-10-28 17:35:42 --> Severity: Notice --> Undefined index: custom_config C:\xampp\htdocs\xeminhphat\blog\config\config.php 79
ERROR - 2017-10-28 17:35:42 --> Severity: Warning --> Cannot modify header information - headers already sent by (output started at C:\xampp\htdocs\xeminhphat\blog\config\config.php:3) C:\xampp\htdocs\xeminhphat\system\core\Common.php 570
ERROR - 2017-10-28 17:36:23 --> 404 Page Not Found: Blogs/views
ERROR - 2017-10-28 17:36:23 --> 404 Page Not Found: Blog/views
ERROR - 2017-10-28 17:36:45 --> 404 Page Not Found: Blogs/views
ERROR - 2017-10-28 17:37:13 --> 404 Page Not Found: Blog/views
ERROR - 2017-10-28 17:46:13 --> 404 Page Not Found: Blog/views
ERROR - 2017-10-28 17:46:16 --> 404 Page Not Found: Blog/views
ERROR - 2017-10-28 17:46:18 --> 404 Page Not Found: Blog/views
ERROR - 2017-10-28 17:56:39 --> 404 Page Not Found: Blog/views
ERROR - 2017-10-28 17:58:19 --> 404 Page Not Found: Blog/views
ERROR - 2017-10-28 18:07:15 --> 404 Page Not Found: Blog/views
ERROR - 2017-10-28 18:10:30 --> 404 Page Not Found: Blog/views
ERROR - 2017-10-28 18:13:21 --> 404 Page Not Found: Blog/views
ERROR - 2017-10-28 18:15:38 --> 404 Page Not Found: Blog/views
ERROR - 2017-10-28 18:16:06 --> 404 Page Not Found: Blog/views
ERROR - 2017-10-28 18:16:17 --> 404 Page Not Found: Blog/views
ERROR - 2017-10-28 18:22:09 --> 404 Page Not Found: Blog/views
ERROR - 2017-10-28 18:22:35 --> 404 Page Not Found: Blog/views
ERROR - 2017-10-28 18:23:02 --> 404 Page Not Found: Blog/views
ERROR - 2017-10-28 18:23:57 --> 404 Page Not Found: Blog/views
ERROR - 2017-10-28 18:24:15 --> 404 Page Not Found: Blog/views
ERROR - 2017-10-28 18:25:25 --> 404 Page Not Found: Blog/views
ERROR - 2017-10-28 18:25:43 --> 404 Page Not Found: Blog/views
ERROR - 2017-10-28 18:26:32 --> 404 Page Not Found: Blog/views
ERROR - 2017-10-28 18:27:31 --> 404 Page Not Found: Blog/views
ERROR - 2017-10-28 18:29:45 --> 404 Page Not Found: Blog/views
ERROR - 2017-10-28 18:30:12 --> 404 Page Not Found: Blog/views
ERROR - 2017-10-28 18:31:18 --> 404 Page Not Found: Blog/views
ERROR - 2017-10-28 18:33:07 --> 404 Page Not Found: Blog/views
ERROR - 2017-10-28 18:33:11 --> 404 Page Not Found: Blog/views
ERROR - 2017-10-28 18:35:13 --> 404 Page Not Found: Blog/views
ERROR - 2017-10-28 18:35:53 --> 404 Page Not Found: Blog/views
ERROR - 2017-10-28 18:36:07 --> 404 Page Not Found: Blog/views
ERROR - 2017-10-28 18:38:38 --> 404 Page Not Found: Blog/views
ERROR - 2017-10-28 18:49:46 --> 404 Page Not Found: Blog/views
ERROR - 2017-10-28 18:49:56 --> 404 Page Not Found: Blog/views
ERROR - 2017-10-28 18:50:49 --> 404 Page Not Found: Blog/views
ERROR - 2017-10-28 18:51:33 --> 404 Page Not Found: Blog/views
ERROR - 2017-10-28 18:53:08 --> 404 Page Not Found: Blog/views
ERROR - 2017-10-28 18:53:44 --> 404 Page Not Found: Blog/views
ERROR - 2017-10-28 18:53:51 --> 404 Page Not Found: Blog/views
ERROR - 2017-10-28 18:54:14 --> 404 Page Not Found: Blog/views
ERROR - 2017-10-28 18:54:21 --> 404 Page Not Found: Blog/views
ERROR - 2017-10-28 18:54:26 --> 404 Page Not Found: Blog/views
